{
  "RSpec": {
    "coverage": {
      "/Users/seanhite/Desktop/Vera/vera/spec/controllers/items_controller_spec.rb": [
        1,
        null,
        1,
        null,
        1,
        1,
        1,
        1,
        null,
        null,
        null,
        null
      ],
      "/Users/seanhite/Desktop/Vera/vera/spec/rails_helper.rb": [
        null,
        1,
        1,
        null,
        null,
        1,
        null,
        1,
        1,
        1,
        1,
        null,
        null,
        null,
        null,
        null,
        null,
        null,
        null,
        null,
        null,
        null,
        null,
        null,
        null,
        null,
        null,
        null,
        null,
        null,
        null,
        1,
        null,
        1,
        null,
        1,
        null,
        null,
        null,
        null,
        1,
        null,
        null,
        null,
        null,
        null,
        null,
        null,
        null,
        null,
        null,
        null,
        null,
        null,
        null,
        1,
        null,
        null,
        1,
        1,
        1,
        null,
        null
      ],
      "/Users/seanhite/Desktop/Vera/vera/config/environment.rb": [
        null,
        1,
        null,
        null,
        1
      ],
      "/Users/seanhite/Desktop/Vera/vera/config/application.rb": [
        1,
        null,
        1,
        null,
        null,
        null,
        1,
        null,
        1,
        1,
        null,
        1,
        null,
        null,
        null,
        null,
        null,
        null
      ],
      "/Users/seanhite/Desktop/Vera/vera/config/boot.rb": [
        1,
        null,
        1
      ],
      "/Users/seanhite/Desktop/Vera/vera/config/environments/test.rb": [
        1,
        null,
        null,
        null,
        null,
        null,
        null,
        1,
        null,
        null,
        null,
        null,
        1,
        null,
        null,
        1,
        1,
        null,
        null,
        null,
        null,
        1,
        1,
        null,
        null,
        1,
        null,
        null,
        1,
        1,
        null,
        null,
        null,
        null,
        1,
        null,
        null,
        1,
        null,
        null,
        null,
        1,
        null
      ],
      "/Users/seanhite/Desktop/Vera/vera/config/initializers/application_controller_renderer.rb": [
        null,
        null,
        null,
        null,
        null,
        null,
        null,
        null
      ],
      "/Users/seanhite/Desktop/Vera/vera/config/initializers/assets.rb": [
        null,
        null,
        null,
        1,
        null,
        null,
        null,
        null,
        1,
        null,
        null,
        null,
        null,
        null
      ],
      "/Users/seanhite/Desktop/Vera/vera/config/initializers/backtrace_silencers.rb": [
        null,
        null,
        null,
        null,
        null,
        null,
        null
      ],
      "/Users/seanhite/Desktop/Vera/vera/config/initializers/cookies_serializer.rb": [
        null,
        null,
        null,
        null,
        1
      ],
      "/Users/seanhite/Desktop/Vera/vera/config/initializers/devise.rb": [
        null,
        null,
        1,
        null,
        null,
        null,
        null,
        null,
        null,
        null,
        null,
        null,
        null,
        null,
        1,
        null,
        null,
        null,
        null,
        null,
        null,
        null,
        null,
        null,
        null,
        null,
        1,
        null,
        null,
        null,
        null,
        null,
        null,
        null,
        null,
        null,
        null,
        null,
        null,
        null,
        null,
        null,
        null,
        null,
        null,
        null,
        null,
        null,
        1,
        null,
        null,
        null,
        null,
        1,
        null,
        null,
        null,
        null,
        null,
        null,
        null,
        null,
        null,
        null,
        null,
        null,
        null,
        null,
        null,
        null,
        null,
        null,
        null,
        null,
        null,
        null,
        null,
        null,
        null,
        null,
        null,
        null,
        null,
        null,
        1,
        null,
        null,
        null,
        null,
        null,
        null,
        null,
        null,
        null,
        null,
        null,
        null,
        null,
        null,
        null,
        null,
        null,
        null,
        null,
        null,
        null,
        null,
        1,
        null,
        null,
        null,
        null,
        null,
        null,
        null,
        null,
        null,
        null,
        null,
        null,
        null,
        null,
        null,
        null,
        null,
        null,
        null,
        null,
        null,
        null,
        null,
        null,
        null,
        null,
        null,
        null,
        null,
        null,
        1,
        null,
        null,
        null,
        null,
        null,
        null,
        null,
        null,
        null,
        1,
        null,
        null,
        null,
        null,
        null,
        null,
        null,
        null,
        null,
        null,
        1,
        null,
        null,
        null,
        null,
        1,
        null,
        null,
        null,
        null,
        null,
        null,
        null,
        null,
        null,
        null,
        null,
        null,
        null,
        null,
        null,
        null,
        null,
        null,
        null,
        null,
        null,
        null,
        null,
        null,
        null,
        null,
        null,
        null,
        null,
        null,
        null,
        null,
        null,
        null,
        null,
        null,
        null,
        null,
        null,
        null,
        1,
        null,
        null,
        null,
        null,
        null,
        null,
        null,
        null,
        null,
        null,
        null,
        null,
        null,
        null,
        null,
        null,
        null,
        null,
        null,
        null,
        null,
        null,
        null,
        null,
        null,
        null,
        null,
        null,
        null,
        null,
        null,
        null,
        null,
        null,
        null,
        null,
        null,
        null,
        null,
        null,
        null,
        1,
        null,
        null,
        null,
        null,
        null,
        null,
        null,
        null,
        null,
        null,
        null,
        null,
        null,
        null,
        null,
        null,
        null,
        null,
        null,
        null,
        null,
        null,
        null,
        null,
        null,
        null,
        null,
        null,
        null
      ],
      "/Users/seanhite/Desktop/Vera/vera/config/initializers/filter_parameter_logging.rb": [
        null,
        null,
        null,
        1
      ],
      "/Users/seanhite/Desktop/Vera/vera/config/initializers/inflections.rb": [
        null,
        null,
        null,
        null,
        null,
        null,
        null,
        null,
        null,
        null,
        null,
        null,
        null,
        null,
        null,
        null
      ],
      "/Users/seanhite/Desktop/Vera/vera/config/initializers/mime_types.rb": [
        null,
        null,
        null,
        null
      ],
      "/Users/seanhite/Desktop/Vera/vera/config/initializers/setup_mail.rb": [
        1,
        0,
        0,
        null,
        null,
        null,
        null,
        null,
        null,
        null,
        null,
        null
      ],
      "/Users/seanhite/Desktop/Vera/vera/config/initializers/wrap_parameters.rb": [
        null,
        null,
        null,
        null,
        null,
        null,
        1,
        2,
        null,
        null,
        null,
        null,
        null,
        null
      ],
      "/Users/seanhite/Desktop/Vera/vera/config/routes.rb": [
        1,
        1,
        null,
        1,
        null,
        1,
        null,
        1,
        1,
        null,
        null,
        null,
        1,
        null,
        1,
        null,
        1,
        null,
        1,
        null,
        null
      ],
      "/Users/seanhite/Desktop/Vera/vera/app/models/user.rb": [
        1,
        null,
        null,
        1,
        null,
        null,
        1,
        null
      ],
      "/Users/seanhite/Desktop/Vera/vera/app/models/application_record.rb": [
        1,
        1,
        null
      ],
      "/Users/seanhite/Desktop/Vera/vera/app/helpers/application_helper.rb": [
        1,
        null
      ],
      "/Users/seanhite/Desktop/Vera/vera/app/helpers/items_helper.rb": [
        1,
        null
      ],
      "/Users/seanhite/Desktop/Vera/vera/app/helpers/user_helper.rb": [
        1,
        null
      ],
      "/Users/seanhite/Desktop/Vera/vera/app/helpers/users_helper.rb": [
        1,
        null
      ],
      "/Users/seanhite/Desktop/Vera/vera/app/helpers/welcome_helper.rb": [
        1,
        null
      ],
      "/Users/seanhite/Desktop/Vera/vera/app/controllers/items_controller.rb": [
        1,
        1,
        null,
        1,
        0,
        0,
        null,
        0,
        0,
        0,
        null,
        0,
        0,
        null,
        null,
        null,
        1,
        0,
        0,
        0,
        null,
        0,
        null,
        null,
        0,
        0,
        0,
        null,
        null,
        null,
        1,
        null,
        1,
        0,
        null,
        null,
        null
      ],
      "/Users/seanhite/Desktop/Vera/vera/app/controllers/application_controller.rb": [
        1,
        1,
        null
      ],
      "/Users/seanhite/Desktop/Vera/vera/spec/controllers/users_controller_spec.rb": [
        1,
        null,
        1,
        null,
        1,
        1,
        1,
        1,
        null,
        null,
        null,
        null
      ],
      "/Users/seanhite/Desktop/Vera/vera/app/controllers/users_controller.rb": [
        1,
        null,
        1,
        null,
        1,
        0,
        0,
        0,
        null,
        null
      ],
      "/Users/seanhite/Desktop/Vera/vera/spec/controllers/welcome_controller_spec.rb": [
        1,
        null,
        1,
        null,
        1,
        1,
        1,
        1,
        null,
        null,
        null,
        1,
        1,
        1,
        1,
        null,
        null,
        null,
        null
      ],
      "/Users/seanhite/Desktop/Vera/vera/app/controllers/welcome_controller.rb": [
        1,
        1,
        null,
        null,
        1,
        null,
        null
      ],
      "/Users/seanhite/Desktop/Vera/vera/spec/helpers/items_helper_spec.rb": [
        1,
        null,
        null,
        null,
        null,
        null,
        null,
        null,
        null,
        null,
        null,
        null,
        1,
        1,
        null
      ],
      "/Users/seanhite/Desktop/Vera/vera/spec/helpers/users_helper_spec.rb": [
        1,
        null,
        null,
        null,
        null,
        null,
        null,
        null,
        null,
        null,
        null,
        null,
        1,
        1,
        null
      ],
      "/Users/seanhite/Desktop/Vera/vera/spec/helpers/welcome_helper_spec.rb": [
        1,
        null,
        null,
        null,
        null,
        null,
        null,
        null,
        null,
        null,
        null,
        null,
        1,
        1,
        null
      ],
      "/Users/seanhite/Desktop/Vera/vera/spec/models/item_spec.rb": [
        1,
        null,
        1,
        1,
        null
      ],
      "/Users/seanhite/Desktop/Vera/vera/app/models/item.rb": [
        1,
        1,
        null
      ],
      "/Users/seanhite/Desktop/Vera/vera/spec/models/user_spec.rb": [
        1,
        null,
        1,
        1,
        null
      ],
      "/Users/seanhite/Desktop/Vera/vera/spec/views/items/create.html.erb_spec.rb": [
        1,
        null,
        1,
        1,
        null
      ],
      "/Users/seanhite/Desktop/Vera/vera/spec/views/users/show.html.erb_spec.rb": [
        1,
        null,
        1,
        1,
        null
      ],
      "/Users/seanhite/Desktop/Vera/vera/spec/views/welcome/about.html.erb_spec.rb": [
        1,
        null,
        1,
        1,
        null
      ],
      "/Users/seanhite/Desktop/Vera/vera/spec/views/welcome/index.html.erb_spec.rb": [
        1,
        null,
        1,
        1,
        null
      ]
    },
    "timestamp": 1512621474
  }
}
